# JRE version: Java(TM) SE Runtime Environment (8.0_191-b12) (build 1.8.0_191-b12)
# Java VM: Java HotSpot(TM) Client VM (25.191-b12 mixed mode windows-x86 )
Heap:
 def new generation   total 47808K, used 7674K [0x04e00000, 0x081d0000, 0x0f8a0000)
  eden space 42560K,   6% used [0x04e00000, 0x050c3fc0, 0x07790000)
  from space 5248K,  92% used [0x07790000, 0x07c4a8a8, 0x07cb0000)
  to   space 5248K,   0% used [0x07cb0000, 0x07cb0000, 0x081d0000)
 tenured generation   total 105964K, used 75563K [0x0f8a0000, 0x1601b000, 0x24e00000)
   the space 105964K,  71% used [0x0f8a0000, 0x1426afc0, 0x1426b000, 0x1601b000)
 Metaspace       used 24606K, capacity 25137K, committed 25216K, reserved 25984K
GC Heap History (10 events):
Event: 41.658 GC heap before
{Heap before GC invocations=14 (full 1):
 def new generation   total 39424K, used 9979K [0x04e00000, 0x078c0000, 0x0f8a0000)
  eden space 35072K,  16% used [0x04e00000, 0x0537edd8, 0x07040000)
  from space 4352K, 100% used [0x07040000, 0x07480000, 0x07480000)
  to   space 4352K,   0% used [0x07480000, 0x07480000, 0x078c0000)
 tenured generation   total 87424K, used 62408K [0x0f8a0000, 0x14e00000, 0x24e00000)
   the space 87424K,  71% used [0x0f8a0000, 0x13592140, 0x13592200, 0x14e00000)
 Metaspace       used 20073K, capacity 20462K, committed 20480K, reserved 20864K
Event: 41.956 GC heap after
Heap after GC invocations=15 (full 2):
 def new generation   total 47808K, used 0K [0x04e00000, 0x081d0000, 0x0f8a0000)
  eden space 42560K,   0% used [0x04e00000, 0x04e00000, 0x07790000)
  from space 5248K,   0% used [0x07790000, 0x07790000, 0x07cb0000)
  to   space 5248K,   0% used [0x07cb0000, 0x07cb0000, 0x081d0000)
 tenured generation   total 105964K, used 63576K [0x0f8a0000, 0x1601b000, 0x24e00000)
   the space 105964K,  59% used [0x0f8a0000, 0x136b6200, 0x136b6200, 0x1601b000)
 Metaspace       used 20073K, capacity 20462K, committed 20480K, reserved 20864K
}
Event: 56.673 GC heap before
{Heap before GC invocations=15 (full 2):
 def new generation   total 47808K, used 42560K [0x04e00000, 0x081d0000, 0x0f8a0000)
  eden space 42560K, 100% used [0x04e00000, 0x07790000, 0x07790000)
  from space 5248K,   0% used [0x07790000, 0x07790000, 0x07cb0000)
  to   space 5248K,   0% used [0x07cb0000, 0x07cb0000, 0x081d0000)
 tenured generation   total 105964K, used 63576K [0x0f8a0000, 0x1601b000, 0x24e00000)
   the space 105964K,  59% used [0x0f8a0000, 0x136b6200, 0x136b6200, 0x1601b000)
 Metaspace       used 22821K, capacity 23269K, committed 23296K, reserved 23936K
Event: 56.738 GC heap after
Heap after GC invocations=16 (full 2):
 def new generation   total 47808K, used 5248K [0x04e00000, 0x081d0000, 0x0f8a0000)
  eden space 42560K,   0% used [0x04e00000, 0x04e00000, 0x07790000)
  from space 5248K, 100% used [0x07cb0000, 0x081d0000, 0x081d0000)
  to   space 5248K,   0% used [0x07790000, 0x07790000, 0x07cb0000)
 tenured generation   total 105964K, used 69914K [0x0f8a0000, 0x1601b000, 0x24e00000)
   the space 105964K,  65% used [0x0f8a0000, 0x13ce6bf8, 0x13ce6c00, 0x1601b000)
 Metaspace       used 22821K, capacity 23269K, committed 23296K, reserved 23936K
}
Event: 104.415 GC heap before
{Heap before GC invocations=16 (full 2):
 def new generation   total 47808K, used 47808K [0x04e00000, 0x081d0000, 0x0f8a0000)
  eden space 42560K, 100% used [0x04e00000, 0x07790000, 0x07790000)
  from space 5248K, 100% used [0x07cb0000, 0x081d0000, 0x081d0000)
  to   space 5248K,   0% used [0x07790000, 0x07790000, 0x07cb0000)
 tenured generation   total 105964K, used 69914K [0x0f8a0000, 0x1601b000, 0x24e00000)
   the space 105964K,  65% used [0x0f8a0000, 0x13ce6bf8, 0x13ce6c00, 0x1601b000)
 Metaspace       used 23496K, capacity 24017K, committed 24064K, reserved 24960K
Event: 104.468 GC heap after
Heap after GC invocations=17 (full 2):
 def new generation   total 47808K, used 3749K [0x04e00000, 0x081d0000, 0x0f8a0000)
  eden space 42560K,   0% used [0x04e00000, 0x04e00000, 0x07790000)
  from space 5248K,  71% used [0x07790000, 0x07b39480, 0x07cb0000)
  to   space 5248K,   0% used [0x07cb0000, 0x07cb0000, 0x081d0000)
 tenured generation   total 105964K, used 73224K [0x0f8a0000, 0x1601b000, 0x24e00000)
   the space 105964K,  69% used [0x0f8a0000, 0x14022310, 0x14022400, 0x1601b000)
 Metaspace       used 23496K, capacity 24017K, committed 24064K, reserved 24960K
}
Event: 250.081 GC heap before
{Heap before GC invocations=17 (full 2):
 def new generation   total 47808K, used 46309K [0x04e00000, 0x081d0000, 0x0f8a0000)
  eden space 42560K, 100% used [0x04e00000, 0x07790000, 0x07790000)
  from space 5248K,  71% used [0x07790000, 0x07b39480, 0x07cb0000)
  to   space 5248K,   0% used [0x07cb0000, 0x07cb0000, 0x081d0000)
 tenured generation   total 105964K, used 73224K [0x0f8a0000, 0x1601b000, 0x24e00000)
   the space 105964K,  69% used [0x0f8a0000, 0x14022310, 0x14022400, 0x1601b000)
 Metaspace       used 24277K, capacity 24797K, committed 24832K, reserved 24960K
Event: 250.144 GC heap after
Heap after GC invocations=18 (full 2):
 def new generation   total 47808K, used 1868K [0x04e00000, 0x081d0000, 0x0f8a0000)
  eden space 42560K,   0% used [0x04e00000, 0x04e00000, 0x07790000)
  from space 5248K,  35% used [0x07cb0000, 0x07e83200, 0x081d0000)
  to   space 5248K,   0% used [0x07790000, 0x07790000, 0x07cb0000)
 tenured generation   total 105964K, used 75563K [0x0f8a0000, 0x1601b000, 0x24e00000)
   the space 105964K,  71% used [0x0f8a0000, 0x1426afc0, 0x1426b000, 0x1601b000)
 Metaspace       used 24277K, capacity 24797K, committed 24832K, reserved 24960K
}
Event: 406.619 GC heap before
{Heap before GC invocations=18 (full 2):
 def new generation   total 47808K, used 44428K [0x04e00000, 0x081d0000, 0x0f8a0000)
  eden space 42560K, 100% used [0x04e00000, 0x07790000, 0x07790000)
  from space 5248K,  35% used [0x07cb0000, 0x07e83200, 0x081d0000)
  to   space 5248K,   0% used [0x07790000, 0x07790000, 0x07cb0000)
 tenured generation   total 105964K, used 75563K [0x0f8a0000, 0x1601b000, 0x24e00000)
   the space 105964K,  71% used [0x0f8a0000, 0x1426afc0, 0x1426b000, 0x1601b000)
 Metaspace       used 24605K, capacity 25137K, committed 25216K, reserved 25984K
Event: 406.654 GC heap after
Heap after GC invocations=19 (full 2):
 def new generation   total 47808K, used 4842K [0x04e00000, 0x081d0000, 0x0f8a0000)
  eden space 42560K,   0% used [0x04e00000, 0x04e00000, 0x07790000)
  from space 5248K,  92% used [0x07790000, 0x07c4a8a8, 0x07cb0000)
  to   space 5248K,   0% used [0x07cb0000, 0x07cb0000, 0x081d0000)
 tenured generation   total 105964K, used 75563K [0x0f8a0000, 0x1601b000, 0x24e00000)
   the space 105964K,  71% used [0x0f8a0000, 0x1426afc0, 0x1426b000, 0x1601b000)
 Metaspace       used 24605K, capacity 25137K, committed 25216K, reserved 25984K
}

