# JRE version: Java(TM) SE Runtime Environment (8.0_191-b12) (build 1.8.0_191-b12)
# Java VM: Java HotSpot(TM) Client VM (25.191-b12 mixed mode windows-x86 )
Heap:
 def new generation   total 47808K, used 7719K [0x04e00000, 0x081e0000, 0x0f8a0000)
  eden space 42496K,  17% used [0x04e00000, 0x055256f0, 0x07780000)
  from space 5312K,   7% used [0x07780000, 0x077e46d8, 0x07cb0000)
  to   space 5312K,   0% used [0x07cb0000, 0x07cb0000, 0x081e0000)
 tenured generation   total 106184K, used 81800K [0x0f8a0000, 0x16052000, 0x24e00000)
   the space 106184K,  77% used [0x0f8a0000, 0x148823f8, 0x14882400, 0x16052000)
 Metaspace       used 24527K, capacity 25049K, committed 25088K, reserved 25984K
GC Heap History (10 events):
Event: 13767.301 GC heap before
{Heap before GC invocations=32 (full 2):
 def new generation   total 47808K, used 42548K [0x04e00000, 0x081e0000, 0x0f8a0000)
  eden space 42496K, 100% used [0x04e00000, 0x07780000, 0x07780000)
  from space 5312K,   0% used [0x07cb0000, 0x07cbd1b0, 0x081e0000)
  to   space 5312K,   0% used [0x07780000, 0x07780000, 0x07cb0000)
 tenured generation   total 106184K, used 81800K [0x0f8a0000, 0x16052000, 0x24e00000)
   the space 106184K,  77% used [0x0f8a0000, 0x148823f8, 0x14882400, 0x16052000)
 Metaspace       used 24523K, capacity 25046K, committed 25088K, reserved 25984K
Event: 13767.304 GC heap after
Heap after GC invocations=33 (full 2):
 def new generation   total 47808K, used 56K [0x04e00000, 0x081e0000, 0x0f8a0000)
  eden space 42496K,   0% used [0x04e00000, 0x04e00000, 0x07780000)
  from space 5312K,   1% used [0x07780000, 0x0778e190, 0x07cb0000)
  to   space 5312K,   0% used [0x07cb0000, 0x07cb0000, 0x081e0000)
 tenured generation   total 106184K, used 81800K [0x0f8a0000, 0x16052000, 0x24e00000)
   the space 106184K,  77% used [0x0f8a0000, 0x148823f8, 0x14882400, 0x16052000)
 Metaspace       used 24523K, capacity 25046K, committed 25088K, reserved 25984K
}
Event: 15186.555 GC heap before
{Heap before GC invocations=33 (full 2):
 def new generation   total 47808K, used 42552K [0x04e00000, 0x081e0000, 0x0f8a0000)
  eden space 42496K, 100% used [0x04e00000, 0x07780000, 0x07780000)
  from space 5312K,   1% used [0x07780000, 0x0778e190, 0x07cb0000)
  to   space 5312K,   0% used [0x07cb0000, 0x07cb0000, 0x081e0000)
 tenured generation   total 106184K, used 81800K [0x0f8a0000, 0x16052000, 0x24e00000)
   the space 106184K,  77% used [0x0f8a0000, 0x148823f8, 0x14882400, 0x16052000)
 Metaspace       used 24523K, capacity 25046K, committed 25088K, reserved 25984K
Event: 15186.558 GC heap after
Heap after GC invocations=34 (full 2):
 def new generation   total 47808K, used 51K [0x04e00000, 0x081e0000, 0x0f8a0000)
  eden space 42496K,   0% used [0x04e00000, 0x04e00000, 0x07780000)
  from space 5312K,   0% used [0x07cb0000, 0x07cbcc60, 0x081e0000)
  to   space 5312K,   0% used [0x07780000, 0x07780000, 0x07cb0000)
 tenured generation   total 106184K, used 81800K [0x0f8a0000, 0x16052000, 0x24e00000)
   the space 106184K,  77% used [0x0f8a0000, 0x148823f8, 0x14882400, 0x16052000)
 Metaspace       used 24523K, capacity 25046K, committed 25088K, reserved 25984K
}
Event: 16419.148 GC heap before
{Heap before GC invocations=34 (full 2):
 def new generation   total 47808K, used 42547K [0x04e00000, 0x081e0000, 0x0f8a0000)
  eden space 42496K, 100% used [0x04e00000, 0x07780000, 0x07780000)
  from space 5312K,   0% used [0x07cb0000, 0x07cbcc60, 0x081e0000)
  to   space 5312K,   0% used [0x07780000, 0x07780000, 0x07cb0000)
 tenured generation   total 106184K, used 81800K [0x0f8a0000, 0x16052000, 0x24e00000)
   the space 106184K,  77% used [0x0f8a0000, 0x148823f8, 0x14882400, 0x16052000)
 Metaspace       used 24523K, capacity 25046K, committed 25088K, reserved 25984K
Event: 16419.152 GC heap after
Heap after GC invocations=35 (full 2):
 def new generation   total 47808K, used 70K [0x04e00000, 0x081e0000, 0x0f8a0000)
  eden space 42496K,   0% used [0x04e00000, 0x04e00000, 0x07780000)
  from space 5312K,   1% used [0x07780000, 0x07791b10, 0x07cb0000)
  to   space 5312K,   0% used [0x07cb0000, 0x07cb0000, 0x081e0000)
 tenured generation   total 106184K, used 81800K [0x0f8a0000, 0x16052000, 0x24e00000)
   the space 106184K,  77% used [0x0f8a0000, 0x148823f8, 0x14882400, 0x16052000)
 Metaspace       used 24523K, capacity 25046K, committed 25088K, reserved 25984K
}
Event: 17647.710 GC heap before
{Heap before GC invocations=35 (full 2):
 def new generation   total 47808K, used 42566K [0x04e00000, 0x081e0000, 0x0f8a0000)
  eden space 42496K, 100% used [0x04e00000, 0x07780000, 0x07780000)
  from space 5312K,   1% used [0x07780000, 0x07791b10, 0x07cb0000)
  to   space 5312K,   0% used [0x07cb0000, 0x07cb0000, 0x081e0000)
 tenured generation   total 106184K, used 81800K [0x0f8a0000, 0x16052000, 0x24e00000)
   the space 106184K,  77% used [0x0f8a0000, 0x148823f8, 0x14882400, 0x16052000)
 Metaspace       used 24523K, capacity 25046K, committed 25088K, reserved 25984K
Event: 17647.723 GC heap after
Heap after GC invocations=36 (full 2):
 def new generation   total 47808K, used 331K [0x04e00000, 0x081e0000, 0x0f8a0000)
  eden space 42496K,   0% used [0x04e00000, 0x04e00000, 0x07780000)
  from space 5312K,   6% used [0x07cb0000, 0x07d02d98, 0x081e0000)
  to   space 5312K,   0% used [0x07780000, 0x07780000, 0x07cb0000)
 tenured generation   total 106184K, used 81800K [0x0f8a0000, 0x16052000, 0x24e00000)
   the space 106184K,  77% used [0x0f8a0000, 0x148823f8, 0x14882400, 0x16052000)
 Metaspace       used 24523K, capacity 25046K, committed 25088K, reserved 25984K
}
Event: 18843.522 GC heap before
{Heap before GC invocations=36 (full 2):
 def new generation   total 47808K, used 42827K [0x04e00000, 0x081e0000, 0x0f8a0000)
  eden space 42496K, 100% used [0x04e00000, 0x07780000, 0x07780000)
  from space 5312K,   6% used [0x07cb0000, 0x07d02d98, 0x081e0000)
  to   space 5312K,   0% used [0x07780000, 0x07780000, 0x07cb0000)
 tenured generation   total 106184K, used 81800K [0x0f8a0000, 0x16052000, 0x24e00000)
   the space 106184K,  77% used [0x0f8a0000, 0x148823f8, 0x14882400, 0x16052000)
 Metaspace       used 24524K, capacity 25049K, committed 25088K, reserved 25984K
Event: 18843.540 GC heap after
Heap after GC invocations=37 (full 2):
 def new generation   total 47808K, used 401K [0x04e00000, 0x081e0000, 0x0f8a0000)
  eden space 42496K,   0% used [0x04e00000, 0x04e00000, 0x07780000)
  from space 5312K,   7% used [0x07780000, 0x077e46d8, 0x07cb0000)
  to   space 5312K,   0% used [0x07cb0000, 0x07cb0000, 0x081e0000)
 tenured generation   total 106184K, used 81800K [0x0f8a0000, 0x16052000, 0x24e00000)
   the space 106184K,  77% used [0x0f8a0000, 0x148823f8, 0x14882400, 0x16052000)
 Metaspace       used 24524K, capacity 25049K, committed 25088K, reserved 25984K
}

